<?xml version="1.0" encoding="UTF-8" ?>
<testsuite tests="4" failures="0" name="fon.ai.maventransportappserver.so.impl.TakeTrailersOperationTest" time="0.05" errors="0" skipped="0">
  <properties>
[...]
</properties>
  <testcase classname="fon.ai.maventransportappserver.so.impl.TakeTrailersOperationTest" name="testExecute" time="0.01"/>
  <testcase classname="fon.ai.maventransportappserver.so.impl.TakeTrailersOperationTest" name="testGetLista" time="0.039"/>
  <testcase classname="fon.ai.maventransportappserver.so.impl.TakeTrailersOperationTest" name="testValidate" time="0.001"/>
  <testcase classname="fon.ai.maventransportappserver.so.impl.TakeTrailersOperationTest" name="testValidate1" time="0"/>
</testsuite>