<?xml version="1.0" encoding="UTF-8"?>
<testsuite xmlns:xsi="http://www.w3.org/2001/XMLSchema-instance" xsi:noNamespaceSchemaLocation="https://maven.apache.org/surefire/maven-surefire-plugin/xsd/surefire-test-report-3.0.xsd" version="3.0" name="fon.ai.maventransportappserver.so.impl.TakeDriveByIDOperationTest" time="0.034" tests="4" errors="1" skipped="0" failures="0">
  <properties>
[...]
</properties>
  <testcase name="testExecute" classname="fon.ai.maventransportappserver.so.impl.TakeDriveByIDOperationTest" time="0.02">
    <error message="Duplicate entry &apos;150&apos; for key &apos;PRIMARY&apos;" type="java.sql.SQLIntegrityConstraintViolationException"><![CDATA[java.sql.SQLIntegrityConstraintViolationException: Duplicate entry '150' for key 'PRIMARY'
	at com.mysql.cj.jdbc.exceptions.SQLError.createSQLException(SQLError.java:117)
	at com.mysql.cj.jdbc.exceptions.SQLError.createSQLException(SQLError.java:97)
	at com.mysql.cj.jdbc.exceptions.SQLExceptionsMapping.translateException(SQLExceptionsMapping.java:122)
	at com.mysql.cj.jdbc.ClientPreparedStatement.executeInternal(ClientPreparedStatement.java:953)
	at com.mysql.cj.jdbc.ClientPreparedStatement.executeUpdateInternal(ClientPreparedStatement.java:1092)
	at com.mysql.cj.jdbc.ClientPreparedStatement.executeUpdateInternal(ClientPreparedStatement.java:1040)
	at com.mysql.cj.jdbc.ClientPreparedStatement.executeLargeUpdate(ClientPreparedStatement.java:1347)
	at com.mysql.cj.jdbc.ClientPreparedStatement.executeUpdate(ClientPreparedStatement.java:1025)
	at fon.ai.maventransportappserver.database.impl.DatabaseBroker.sacuvaj(DatabaseBroker.java:107)
	at fon.ai.maventransportappserver.so.impl.SaveDriveOperation.execute(SaveDriveOperation.java:30)
	at fon.ai.maventransportappserver.so.impl.TakeDriveByIDOperationTest.testExecute(TakeDriveByIDOperationTest.java:101)
	at java.base/jdk.internal.reflect.NativeMethodAccessorImpl.invoke0(Native Method)
	at java.base/jdk.internal.reflect.NativeMethodAccessorImpl.invoke(NativeMethodAccessorImpl.java:77)
	at java.base/jdk.internal.reflect.DelegatingMethodAccessorImpl.invoke(DelegatingMethodAccessorImpl.java:43)
	at java.base/java.lang.reflect.Method.invoke(Method.java:568)
	at org.junit.runners.model.FrameworkMethod$1.runReflectiveCall(FrameworkMethod.java:50)
	at org.junit.internal.runners.model.ReflectiveCallable.run(ReflectiveCallable.java:12)
	at org.junit.runners.model.FrameworkMethod.invokeExplosively(FrameworkMethod.java:47)
	at org.junit.internal.runners.statements.InvokeMethod.evaluate(InvokeMethod.java:17)
	at org.junit.internal.runners.statements.RunBefores.evaluate(RunBefores.java:26)
	at org.junit.internal.runners.statements.RunAfters.evaluate(RunAfters.java:27)
	at org.junit.runners.ParentRunner.runLeaf(ParentRunner.java:325)
	at org.junit.runners.BlockJUnit4ClassRunner.runChild(BlockJUnit4ClassRunner.java:78)
	at org.junit.runners.BlockJUnit4ClassRunner.runChild(BlockJUnit4ClassRunner.java:57)
	at org.junit.runners.ParentRunner$3.run(ParentRunner.java:290)
	at org.junit.runners.ParentRunner$1.schedule(ParentRunner.java:71)
	at org.junit.runners.ParentRunner.runChildren(ParentRunner.java:288)
	at org.junit.runners.ParentRunner.access$000(ParentRunner.java:58)
	at org.junit.runners.ParentRunner$2.evaluate(ParentRunner.java:268)
	at org.junit.runners.ParentRunner.run(ParentRunner.java:363)
	at org.apache.maven.surefire.junit4.JUnit4Provider.execute(JUnit4Provider.java:316)
	at org.apache.maven.surefire.junit4.JUnit4Provider.executeWithRerun(JUnit4Provider.java:240)
	at org.apache.maven.surefire.junit4.JUnit4Provider.executeTestSet(JUnit4Provider.java:214)
	at org.apache.maven.surefire.junit4.JUnit4Provider.invoke(JUnit4Provider.java:155)
	at org.apache.maven.surefire.booter.ForkedBooter.runSuitesInProcess(ForkedBooter.java:385)
	at org.apache.maven.surefire.booter.ForkedBooter.execute(ForkedBooter.java:162)
	at org.apache.maven.surefire.booter.ForkedBooter.run(ForkedBooter.java:507)
	at org.apache.maven.surefire.booter.ForkedBooter.main(ForkedBooter.java:495)
]]></error>
    <system-out><![CDATA[SELECT d.id, d.date, d.factureprice, d.truck, d.trailer, d.driver, t.loadcapacity AS "dozvoljena tezina", tr.productyear AS "godina kamiona",
 tr.weight, t.productyear AS "godina prikolice", t.weight as "tezina prikolice", dr.idcard
  FROM drive d JOIN vehicle tr ON d.truck = tr.registrationmark JOIN vehicle t ON t.registrationmark = d.trailer JOIN driver dr ON d.driver = dr.idcard  where id = '150'
localhost3306transportapprootrootjdbc:mysql://localhost:3306/transportapp
Successfully connected to database!
insert into drive(id, date, factureprice, truck, trailer, driver) values('150', '2023-12-16', '500.0','RA013CD','AA447BG', '12345678')
Uspesno sam sacuvao u bazi
insert into costlist(id, total, drive) values('150', '1200.0', '150')
Uspesno sam sacuvao u bazi
insert into costitem(costList, costtype, amount) values('150', 'driverSallary', '300.0')
Uspesno sam sacuvao u bazi
insert into costitem(costList, costtype, amount) values('150', 'fuel', '300.0')
Uspesno sam sacuvao u bazi
insert into costitem(costList, costtype, amount) values('150', 'toll', '300.0')
Uspesno sam sacuvao u bazi
insert into costitem(costList, costtype, amount) values('150', 'other', '300.0')
Uspesno sam sacuvao u bazi
COMMIT
executing
SELECT d.id, d.date, d.factureprice, d.truck, d.trailer, d.driver, t.loadcapacity AS "dozvoljena tezina", tr.productyear AS "godina kamiona",
 tr.weight, t.productyear AS "godina prikolice", t.weight as "tezina prikolice", dr.idcard
  FROM drive d JOIN vehicle tr ON d.truck = tr.registrationmark JOIN vehicle t ON t.registrationmark = d.trailer JOIN driver dr ON d.driver = dr.idcard  where id = '150'
insert into drive(id, date, factureprice, truck, trailer, driver) values('150', '2023-12-16', '500.0','RA013CD','AA447BG', '12345678')
Duplicate entry '150' for key 'PRIMARY'
]]></system-out>
  </testcase>
  <testcase name="testValidate" classname="fon.ai.maventransportappserver.so.impl.TakeDriveByIDOperationTest" time="0.004">
    <system-out><![CDATA[SELECT d.id, d.date, d.factureprice, d.truck, d.trailer, d.driver, t.loadcapacity AS "dozvoljena tezina", tr.productyear AS "godina kamiona",
 tr.weight, t.productyear AS "godina prikolice", t.weight as "tezina prikolice", dr.idcard
  FROM drive d JOIN vehicle tr ON d.truck = tr.registrationmark JOIN vehicle t ON t.registrationmark = d.trailer JOIN driver dr ON d.driver = dr.idcard  where id = '150'
validate
]]></system-out>
  </testcase>
  <testcase name="testValidate1" classname="fon.ai.maventransportappserver.so.impl.TakeDriveByIDOperationTest" time="0.005">
    <system-out><![CDATA[SELECT d.id, d.date, d.factureprice, d.truck, d.trailer, d.driver, t.loadcapacity AS "dozvoljena tezina", tr.productyear AS "godina kamiona",
 tr.weight, t.productyear AS "godina prikolice", t.weight as "tezina prikolice", dr.idcard
  FROM drive d JOIN vehicle tr ON d.truck = tr.registrationmark JOIN vehicle t ON t.registrationmark = d.trailer JOIN driver dr ON d.driver = dr.idcard  where id = '150'
validate1
]]></system-out>
  </testcase>
  <testcase name="testGetObject" classname="fon.ai.maventransportappserver.so.impl.TakeDriveByIDOperationTest" time="0.004">
    <system-out><![CDATA[SELECT d.id, d.date, d.factureprice, d.truck, d.trailer, d.driver, t.loadcapacity AS "dozvoljena tezina", tr.productyear AS "godina kamiona",
 tr.weight, t.productyear AS "godina prikolice", t.weight as "tezina prikolice", dr.idcard
  FROM drive d JOIN vehicle tr ON d.truck = tr.registrationmark JOIN vehicle t ON t.registrationmark = d.trailer JOIN driver dr ON d.driver = dr.idcard  where id = '150'
getLista
SELECT d.id, d.date, d.factureprice, d.truck, d.trailer, d.driver, t.loadcapacity AS "dozvoljena tezina", tr.productyear AS "godina kamiona",
 tr.weight, t.productyear AS "godina prikolice", t.weight as "tezina prikolice", dr.idcard
  FROM drive d JOIN vehicle tr ON d.truck = tr.registrationmark JOIN vehicle t ON t.registrationmark = d.trailer JOIN driver dr ON d.driver = dr.idcard  where id = '150'
SELECT d.id, d.date, d.factureprice, d.truck, d.trailer, d.driver, t.loadcapacity AS "dozvoljena tezina", tr.productyear AS "godina kamiona",
 tr.weight, t.productyear AS "godina prikolice", t.weight as "tezina prikolice", dr.idcard
  FROM drive d JOIN vehicle tr ON d.truck = tr.registrationmark JOIN vehicle t ON t.registrationmark = d.trailer JOIN driver dr ON d.driver = dr.idcard  where id = '150'
]]></system-out>
  </testcase>
</testsuite>