<?xml version="1.0" encoding="UTF-8"?>
<testsuite xmlns:xsi="http://www.w3.org/2001/XMLSchema-instance" xsi:noNamespaceSchemaLocation="https://maven.apache.org/surefire/maven-surefire-plugin/xsd/surefire-test-report-3.0.xsd" version="3.0" name="fon.ai.maventransportappserver.so.impl.SaveDriverOperationTest" time="0.006" tests="3" errors="0" skipped="0" failures="0">
  <properties>
[...]
</properties>
  <testcase name="testExecute" classname="fon.ai.maventransportappserver.so.impl.SaveDriverOperationTest" time="0.003">
    <system-out><![CDATA[execute
select * from driver where idcard = '12345678'
]]></system-out>
  </testcase>
  <testcase name="testValidate" classname="fon.ai.maventransportappserver.so.impl.SaveDriverOperationTest" time="0.001">
    <system-out><![CDATA[validate
]]></system-out>
  </testcase>
  <testcase name="testValidate1" classname="fon.ai.maventransportappserver.so.impl.SaveDriverOperationTest" time="0.001">
    <system-out><![CDATA[validate1
]]></system-out>
  </testcase>
</testsuite>