<?xml version="1.0" encoding="UTF-8"?>
<testsuite xmlns:xsi="http://www.w3.org/2001/XMLSchema-instance" xsi:noNamespaceSchemaLocation="https://maven.apache.org/surefire/maven-surefire-plugin/xsd/surefire-test-report-3.0.xsd" version="3.0" name="fon.ai.maventransportappserver.so.impl.DeleteDriveOperationTest" time="0.659" tests="3" errors="0" skipped="0" failures="0">
  <properties>
[...]
</properties>
  <testcase name="testExecute" classname="fon.ai.maventransportappserver.so.impl.DeleteDriveOperationTest" time="0.512">
    <system-out><![CDATA[SELECT d.id, d.date, d.factureprice, d.truck, d.trailer, d.driver, t.loadcapacity AS "dozvoljena tezina", tr.productyear AS "godina kamiona",
 tr.weight, t.productyear AS "godina prikolice", t.weight as "tezina prikolice", dr.idcard
  FROM drive d JOIN vehicle tr ON d.truck = tr.registrationmark JOIN vehicle t ON t.registrationmark = d.trailer JOIN driver dr ON d.driver = dr.idcard  where d.id = '2'
localhost3306transportapprootrootjdbc:mysql://localhost:3306/transportapp
Successfully connected to database!
Uspostavljena je konekcija sa bazom
delete from costitem where costlist = '2' AND costType = 'driversallary'
Uspostavljena je konekcija sa bazom
delete from costitem where costlist = '2' AND costType = 'fuel'
Uspostavljena je konekcija sa bazom
delete from costitem where costlist = '2' AND costType = 'toll'
Uspostavljena je konekcija sa bazom
delete from costitem where costlist = '2' AND costType = 'other'
Uspostavljena je konekcija sa bazom
delete from costlist where id=2
Uspostavljena je konekcija sa bazom
delete from drive where id=2
COMMIT
SELECT d.id, d.date, d.factureprice, d.truck, d.trailer, d.driver, t.loadcapacity AS "dozvoljena tezina", tr.productyear AS "godina kamiona",
 tr.weight, t.productyear AS "godina prikolice", t.weight as "tezina prikolice", dr.idcard
  FROM drive d JOIN vehicle tr ON d.truck = tr.registrationmark JOIN vehicle t ON t.registrationmark = d.trailer JOIN driver dr ON d.driver = dr.idcard  where d.id = '2'
SELECT d.id, d.date, d.factureprice, d.truck, d.trailer, d.driver, t.loadcapacity AS "dozvoljena tezina", tr.productyear AS "godina kamiona",
 tr.weight, t.productyear AS "godina prikolice", t.weight as "tezina prikolice", dr.idcard
  FROM drive d JOIN vehicle tr ON d.truck = tr.registrationmark JOIN vehicle t ON t.registrationmark = d.trailer JOIN driver dr ON d.driver = dr.idcard  where d.id = '2'
localhost3306transportapprootrootjdbc:mysql://localhost:3306/transportapp
Successfully connected to database!
insert into drive(id, date, factureprice, truck, trailer, driver) values('2', '2024-02-08', '500.0','RA013CD','AA447RA', '12345678')
Uspesno sam sacuvao u bazi
insert into costlist(id, total, drive) values('2', '1200.0', '2')
Uspesno sam sacuvao u bazi
insert into costitem(costList, costtype, amount) values('2', 'driverSallary', '300.0')
Uspesno sam sacuvao u bazi
insert into costitem(costList, costtype, amount) values('2', 'fuel', '300.0')
Uspesno sam sacuvao u bazi
insert into costitem(costList, costtype, amount) values('2', 'toll', '300.0')
Uspesno sam sacuvao u bazi
insert into costitem(costList, costtype, amount) values('2', 'other', '300.0')
Uspesno sam sacuvao u bazi
COMMIT
]]></system-out>
  </testcase>
  <testcase name="testValidate" classname="fon.ai.maventransportappserver.so.impl.DeleteDriveOperationTest" time="0.028">
    <system-out><![CDATA[SELECT d.id, d.date, d.factureprice, d.truck, d.trailer, d.driver, t.loadcapacity AS "dozvoljena tezina", tr.productyear AS "godina kamiona",
 tr.weight, t.productyear AS "godina prikolice", t.weight as "tezina prikolice", dr.idcard
  FROM drive d JOIN vehicle tr ON d.truck = tr.registrationmark JOIN vehicle t ON t.registrationmark = d.trailer JOIN driver dr ON d.driver = dr.idcard  where d.id = '2'
validate
SELECT d.id, d.date, d.factureprice, d.truck, d.trailer, d.driver, t.loadcapacity AS "dozvoljena tezina", tr.productyear AS "godina kamiona",
 tr.weight, t.productyear AS "godina prikolice", t.weight as "tezina prikolice", dr.idcard
  FROM drive d JOIN vehicle tr ON d.truck = tr.registrationmark JOIN vehicle t ON t.registrationmark = d.trailer JOIN driver dr ON d.driver = dr.idcard  where d.id = '2'
]]></system-out>
  </testcase>
  <testcase name="testValidate1" classname="fon.ai.maventransportappserver.so.impl.DeleteDriveOperationTest" time="0.016">
    <system-out><![CDATA[SELECT d.id, d.date, d.factureprice, d.truck, d.trailer, d.driver, t.loadcapacity AS "dozvoljena tezina", tr.productyear AS "godina kamiona",
 tr.weight, t.productyear AS "godina prikolice", t.weight as "tezina prikolice", dr.idcard
  FROM drive d JOIN vehicle tr ON d.truck = tr.registrationmark JOIN vehicle t ON t.registrationmark = d.trailer JOIN driver dr ON d.driver = dr.idcard  where d.id = '2'
validate1
SELECT d.id, d.date, d.factureprice, d.truck, d.trailer, d.driver, t.loadcapacity AS "dozvoljena tezina", tr.productyear AS "godina kamiona",
 tr.weight, t.productyear AS "godina prikolice", t.weight as "tezina prikolice", dr.idcard
  FROM drive d JOIN vehicle tr ON d.truck = tr.registrationmark JOIN vehicle t ON t.registrationmark = d.trailer JOIN driver dr ON d.driver = dr.idcard  where d.id = '2'
]]></system-out>
  </testcase>
</testsuite>